TN:
SF:dist\config\constants.js
FNF:0
FNH:0
DA:2,1
DA:3,1
DA:4,1
DA:5,1
DA:6,1
DA:7,1
LF:6
LH:6
BRF:0
BRH:0
end_of_record
TN:
SF:src\index.ts
FN:1,(anonymous_0)
FN:2,(anonymous_1)
FN:3,(anonymous_2)
FNF:3
FNH:3
FNDA:6,(anonymous_0)
FNDA:9,(anonymous_1)
FNDA:3,(anonymous_2)
DA:1,7
DA:2,10
DA:3,4
LF:3
LH:3
BRF:0
BRH:0
end_of_record
TN:
SF:src\api\smsContentType.ts
FN:1,(anonymous_0)
FNF:1
FNH:1
FNDA:1,(anonymous_0)
DA:1,1
DA:2,1
DA:3,1
DA:4,1
DA:5,1
DA:6,1
LF:6
LH:6
BRDA:1,0,0,1
BRDA:1,0,1,1
BRF:2
BRH:2
end_of_record
TN:
SF:src\api\cpaasClient.ts
FN:9,(anonymous_0)
FN:13,(anonymous_1)
FN:15,(anonymous_2)
FNF:3
FNH:3
FNDA:8,(anonymous_0)
FNDA:2,(anonymous_1)
FNDA:1,(anonymous_2)
DA:6,1
DA:7,8
DA:10,8
DA:13,2
DA:15,1
LF:5
LH:5
BRF:0
BRH:0
end_of_record
TN:
SF:src\api\sms\whatsappAudioClient.ts
FN:6,(anonymous_0)
FN:23,(anonymous_1)
FN:24,(anonymous_2)
FN:34,(anonymous_3)
FN:35,(anonymous_4)
FN:36,(anonymous_5)
FNF:6
FNH:6
FNDA:5,(anonymous_0)
FNDA:1,(anonymous_1)
FNDA:1,(anonymous_2)
FNDA:1,(anonymous_3)
FNDA:1,(anonymous_4)
FNDA:1,(anonymous_5)
DA:1,1
DA:3,1
DA:5,1
DA:7,5
DA:8,1
DA:11,4
DA:12,1
DA:15,3
DA:16,1
DA:19,2
DA:20,1
DA:23,1
DA:24,1
DA:25,1
DA:35,1
DA:36,1
DA:37,1
LF:17
LH:17
BRDA:7,0,0,1
BRDA:7,0,1,4
BRDA:7,1,0,5
BRDA:7,1,1,4
BRDA:11,2,0,1
BRDA:11,2,1,3
BRDA:11,3,0,4
BRDA:11,3,1,3
BRDA:15,4,0,1
BRDA:15,4,1,2
BRDA:15,5,0,3
BRDA:15,5,1,2
BRDA:19,6,0,1
BRDA:19,6,1,1
BRDA:19,7,0,2
BRDA:19,7,1,1
BRF:16
BRH:16
end_of_record
TN:
SF:src\api\sms\whatsappAudioMessage.ts
FN:20,(anonymous_0)
FN:26,(anonymous_1)
FN:27,(anonymous_2)
FN:35,(anonymous_3)
FN:36,(anonymous_4)
FN:44,(anonymous_5)
FN:45,(anonymous_6)
FN:53,(anonymous_7)
FN:54,(anonymous_8)
FN:78,(anonymous_9)
FN:80,(anonymous_10)
FN:81,(anonymous_11)
FN:83,(anonymous_12)
FN:84,(anonymous_13)
FN:86,(anonymous_14)
FN:87,(anonymous_15)
FN:95,(anonymous_16)
FN:96,(anonymous_17)
FN:98,(anonymous_18)
FN:99,(anonymous_19)
FN:107,(anonymous_20)
FN:109,(anonymous_21)
FNF:22
FNH:22
FNDA:9,(anonymous_0)
FNDA:7,(anonymous_1)
FNDA:11,(anonymous_2)
FNDA:5,(anonymous_3)
FNDA:11,(anonymous_4)
FNDA:2,(anonymous_5)
FNDA:3,(anonymous_6)
FNDA:1,(anonymous_7)
FNDA:2,(anonymous_8)
FNDA:1,(anonymous_9)
FNDA:2,(anonymous_10)
FNDA:1,(anonymous_11)
FNDA:1,(anonymous_12)
FNDA:1,(anonymous_13)
FNDA:1,(anonymous_14)
FNDA:2,(anonymous_15)
FNDA:1,(anonymous_16)
FNDA:1,(anonymous_17)
FNDA:1,(anonymous_18)
FNDA:2,(anonymous_19)
FNDA:10,(anonymous_20)
FNDA:2,(anonymous_21)
DA:1,1
DA:2,1
DA:3,1
DA:4,1
DA:6,1
DA:7,9
DA:8,9
DA:9,9
DA:10,9
DA:11,9
DA:12,9
DA:13,9
DA:14,9
DA:15,9
DA:16,9
DA:18,9
DA:21,9
DA:22,9
DA:23,9
DA:26,7
DA:28,11
DA:29,1
DA:32,10
DA:35,5
DA:37,11
DA:38,1
DA:41,10
DA:44,2
DA:46,3
DA:47,1
DA:49,2
DA:53,1
DA:56,2
DA:57,1
DA:58,1
DA:60,1
DA:62,5
DA:64,5
DA:66,5
DA:67,4
DA:71,1
DA:73,1
DA:78,1
DA:80,2
DA:81,1
DA:83,1
DA:84,1
DA:86,1
DA:88,2
DA:89,1
DA:92,1
DA:95,1
DA:96,1
DA:98,1
DA:100,2
DA:101,1
DA:104,1
DA:107,10
DA:110,2
DA:111,1
DA:114,1
LF:61
LH:61
BRDA:28,0,0,1
BRDA:28,0,1,10
BRDA:37,1,0,1
BRDA:37,1,1,10
BRDA:46,2,0,1
BRDA:46,2,1,2
BRDA:56,3,0,1
BRDA:56,3,1,1
BRDA:66,4,0,4
BRDA:66,4,1,1
BRDA:88,5,0,1
BRDA:88,5,1,1
BRDA:100,6,0,1
BRDA:100,6,1,1
BRDA:110,7,0,1
BRDA:110,7,1,1
BRF:16
BRH:16
end_of_record
TN:
SF:src\config\constants.ts
FNF:0
FNH:0
DA:1,1
DA:2,1
DA:3,1
DA:5,1
LF:4
LH:4
BRF:0
BRH:0
end_of_record
TN:
SF:src\helpers\identifiers.ts
FN:1,uuidv4
FN:2,(anonymous_1)
FNF:2
FNH:2
FNDA:11,uuidv4
FNDA:341,(anonymous_1)
DA:1,1
DA:2,11
DA:3,341
DA:4,341
LF:4
LH:4
BRDA:3,0,0,330
BRDA:3,0,1,11
BRF:2
BRH:2
end_of_record
TN:
SF:src\helpers\validators.ts
FN:1,isValidHttpUrl
FN:13,isValidISO8601
FN:19,isValidE164
FN:25,isNumeric
FNF:4
FNH:4
FNDA:5,isValidHttpUrl
FNDA:4,isValidISO8601
FNDA:14,isValidE164
FNDA:14,isNumeric
DA:1,1
DA:4,5
DA:5,5
DA:7,1
DA:10,4
DA:13,1
DA:14,4
DA:16,4
DA:19,1
DA:20,14
DA:22,14
DA:25,1
DA:26,14
DA:28,14
LF:14
LH:14
BRDA:10,0,0,4
BRDA:10,0,1,2
BRDA:10,0,2,4
BRDA:26,1,0,1
BRDA:26,1,1,13
BRDA:28,2,0,14
BRDA:28,2,1,12
BRF:7
BRH:7
end_of_record
TN:
SF:src\request\index.ts
FN:4,request
FNF:1
FNH:1
FNDA:2,request
DA:1,1
DA:2,1
DA:4,1
DA:5,2
DA:6,2
DA:8,2
DA:10,2
LF:7
LH:7
BRDA:8,0,0,2
BRDA:8,0,1,2
BRF:2
BRH:2
end_of_record
TN:
SF:src\request\request.ts
FN:3,_request
FN:4,(anonymous_1)
FN:5,(anonymous_2)
FN:8,(anonymous_3)
FN:12,(anonymous_4)
FN:17,(anonymous_5)
FNF:6
FNH:6
FNDA:2,_request
FNDA:2,(anonymous_1)
FNDA:1,(anonymous_2)
FNDA:1,(anonymous_3)
FNDA:1,(anonymous_4)
FNDA:1,(anonymous_5)
DA:1,1
DA:3,1
DA:4,2
DA:5,2
DA:6,1
DA:8,1
DA:9,1
DA:12,1
DA:13,1
DA:17,2
DA:18,1
DA:21,2
LF:12
LH:12
BRF:0
BRH:0
end_of_record
