TN:
SF:src\index.ts
FNF:0
FNH:0
DA:1,1
DA:2,1
DA:3,1
DA:4,1
DA:5,1
LF:5
LH:5
BRF:0
BRH:0
end_of_record
TN:
SF:src\api\cpaasClient.ts
FN:11,(anonymous_0)
FN:15,(anonymous_1)
FN:17,(anonymous_2)
FNF:3
FNH:3
FNDA:37,(anonymous_0)
FNDA:71,(anonymous_1)
FNDA:1,(anonymous_2)
DA:8,1
DA:9,37
DA:12,37
DA:15,71
DA:17,1
LF:5
LH:5
BRF:0
BRH:0
end_of_record
TN:
SF:src\api\sms\index.ts
FN:1,(anonymous_0)
FN:2,(anonymous_1)
FN:3,(anonymous_2)
FNF:3
FNH:3
FNDA:6,(anonymous_0)
FNDA:12,(anonymous_1)
FNDA:6,(anonymous_2)
DA:1,7
DA:2,13
DA:3,7
LF:3
LH:3
BRF:0
BRH:0
end_of_record
TN:
SF:src\api\sms\smsClient.ts
FN:21,(anonymous_1)
FN:49,(anonymous_2)
FN:53,(anonymous_3)
FN:86,(anonymous_4)
FN:96,(anonymous_5)
FN:98,(anonymous_6)
FNF:6
FNH:6
FNDA:9,(anonymous_1)
FNDA:5,(anonymous_2)
FNDA:5,(anonymous_3)
FNDA:5,(anonymous_4)
FNDA:5,(anonymous_5)
FNDA:5,(anonymous_6)
DA:1,1
DA:3,1
DA:6,1
DA:12,1
DA:22,9
DA:23,1
DA:26,8
DA:27,1
DA:30,7
DA:31,1
DA:34,6
DA:35,1
DA:38,5
DA:49,5
DA:50,5
DA:52,5
DA:54,5
DA:56,5
DA:57,2
DA:64,3
DA:65,2
DA:72,1
DA:87,5
DA:96,5
DA:97,5
DA:99,5
DA:101,5
DA:102,2
DA:118,2
DA:119,1
DA:122,2
DA:123,3
DA:124,1
DA:130,2
DA:131,1
DA:136,1
LF:36
LH:36
BRDA:22,0,0,1
BRDA:22,0,1,8
BRDA:22,1,0,9
BRDA:22,1,1,8
BRDA:26,2,0,1
BRDA:26,2,1,7
BRDA:26,3,0,8
BRDA:26,3,1,7
BRDA:30,4,0,1
BRDA:30,4,1,6
BRDA:30,5,0,7
BRDA:30,5,1,6
BRDA:34,6,0,1
BRDA:34,6,1,5
BRDA:34,7,0,6
BRDA:34,7,1,5
BRDA:34,7,2,1
BRDA:54,8,0,4
BRDA:54,8,1,1
BRDA:54,9,0,5
BRDA:54,9,1,4
BRDA:56,10,0,2
BRDA:56,10,1,3
BRDA:64,11,0,2
BRDA:64,11,1,1
BRDA:99,12,0,4
BRDA:99,12,1,1
BRDA:99,13,0,5
BRDA:99,13,1,4
BRDA:101,14,0,2
BRDA:101,14,1,3
BRDA:118,15,0,1
BRDA:118,15,1,1
BRDA:123,16,0,1
BRDA:123,16,1,2
BRDA:130,17,0,1
BRDA:130,17,1,1
BRF:37
BRH:37
end_of_record
TN:
SF:src\api\sms\smsContentType.ts
FN:1,(anonymous_0)
FNF:1
FNH:1
FNDA:1,(anonymous_0)
DA:1,1
DA:2,1
DA:3,1
DA:4,1
DA:5,1
DA:6,1
LF:6
LH:6
BRDA:1,0,0,1
BRDA:1,0,1,1
BRF:2
BRH:2
end_of_record
TN:
SF:src\api\sms\smsMessage.ts
FN:67,(anonymous_0)
FN:73,(anonymous_1)
FN:74,(anonymous_2)
FN:78,(anonymous_3)
FN:79,(anonymous_4)
FN:87,(anonymous_5)
FN:88,(anonymous_6)
FN:98,(anonymous_7)
FN:99,(anonymous_8)
FN:104,(anonymous_9)
FN:109,(anonymous_10)
FN:111,(anonymous_11)
FN:113,(anonymous_12)
FN:114,(anonymous_13)
FN:116,(anonymous_14)
FN:117,(anonymous_15)
FN:119,(anonymous_16)
FN:120,(anonymous_17)
FN:128,(anonymous_18)
FN:129,(anonymous_19)
FN:131,(anonymous_20)
FN:132,(anonymous_21)
FN:140,(anonymous_22)
FN:149,(anonymous_23)
FN:166,(anonymous_24)
FNF:25
FNH:25
FNDA:12,(anonymous_0)
FNDA:22,(anonymous_1)
FNDA:12,(anonymous_2)
FNDA:20,(anonymous_3)
FNDA:14,(anonymous_4)
FNDA:15,(anonymous_5)
FNDA:4,(anonymous_6)
FNDA:10,(anonymous_7)
FNDA:3,(anonymous_8)
FNDA:2,(anonymous_9)
FNDA:13,(anonymous_10)
FNDA:8,(anonymous_11)
FNDA:8,(anonymous_12)
FNDA:1,(anonymous_13)
FNDA:8,(anonymous_14)
FNDA:1,(anonymous_15)
FNDA:8,(anonymous_16)
FNDA:2,(anonymous_17)
FNDA:8,(anonymous_18)
FNDA:1,(anonymous_19)
FNDA:8,(anonymous_20)
FNDA:2,(anonymous_21)
FNDA:23,(anonymous_22)
FNDA:2,(anonymous_23)
FNDA:7,(anonymous_24)
DA:1,1
DA:2,1
DA:8,1
DA:9,1
DA:15,1
DA:19,12
DA:23,12
DA:36,12
DA:40,12
DA:65,12
DA:68,12
DA:69,12
DA:70,12
DA:73,22
DA:75,12
DA:78,20
DA:80,14
DA:81,1
DA:84,13
DA:87,15
DA:89,4
DA:91,4
DA:92,1
DA:95,4
DA:98,10
DA:100,3
DA:101,3
DA:105,2
DA:106,2
DA:109,13
DA:111,8
DA:113,8
DA:114,1
DA:116,8
DA:117,1
DA:119,8
DA:121,2
DA:122,1
DA:125,1
DA:128,8
DA:129,1
DA:131,8
DA:133,2
DA:134,1
DA:137,1
DA:140,23
DA:150,2
DA:151,1
DA:155,1
DA:167,7
DA:180,7
DA:181,70
DA:183,35
DA:187,7
LF:54
LH:54
BRDA:80,0,0,1
BRDA:80,0,1,13
BRDA:91,1,0,1
BRDA:91,1,1,3
BRDA:121,2,0,1
BRDA:121,2,1,1
BRDA:121,3,0,2
BRDA:121,3,1,2
BRDA:133,4,0,1
BRDA:133,4,1,1
BRDA:133,5,0,2
BRDA:133,5,1,2
BRDA:150,6,0,1
BRDA:150,6,1,1
BRDA:170,7,0,2
BRDA:170,7,1,5
BRDA:181,8,0,35
BRDA:181,8,1,35
BRF:18
BRH:18
end_of_record
TN:
SF:src\api\video\index.ts
FN:1,(anonymous_0)
FN:2,(anonymous_1)
FN:3,(anonymous_2)
FNF:3
FNH:3
FNDA:6,(anonymous_0)
FNDA:6,(anonymous_1)
FNDA:6,(anonymous_2)
DA:1,7
DA:2,7
DA:3,7
LF:3
LH:3
BRF:0
BRH:0
end_of_record
TN:
SF:src\api\video\videoClient.ts
FN:23,(anonymous_1)
FN:47,(anonymous_2)
FN:49,(anonymous_3)
FN:81,(anonymous_4)
FN:91,(anonymous_5)
FN:93,(anonymous_6)
FN:127,(anonymous_7)
FN:137,(anonymous_8)
FN:139,(anonymous_9)
FN:170,(anonymous_10)
FN:190,(anonymous_11)
FN:192,(anonymous_12)
FNF:12
FNH:12
FNDA:8,(anonymous_1)
FNDA:5,(anonymous_2)
FNDA:5,(anonymous_3)
FNDA:4,(anonymous_4)
FNDA:4,(anonymous_5)
FNDA:4,(anonymous_6)
FNDA:4,(anonymous_7)
FNDA:4,(anonymous_8)
FNDA:4,(anonymous_9)
FNDA:6,(anonymous_10)
FNDA:4,(anonymous_11)
FNDA:4,(anonymous_12)
DA:1,1
DA:2,1
DA:9,1
DA:14,1
DA:24,8
DA:25,1
DA:28,7
DA:29,1
DA:32,6
DA:33,1
DA:36,5
DA:47,5
DA:48,5
DA:51,5
DA:53,5
DA:54,2
DA:60,3
DA:61,2
DA:68,1
DA:82,4
DA:91,4
DA:92,4
DA:96,4
DA:98,4
DA:99,1
DA:106,3
DA:107,2
DA:114,1
DA:128,4
DA:137,4
DA:138,4
DA:142,4
DA:144,4
DA:145,1
DA:149,3
DA:150,2
DA:157,1
DA:171,6
DA:172,1
DA:175,5
DA:176,1
DA:179,4
DA:190,4
DA:191,4
DA:195,4
DA:197,4
DA:198,1
DA:204,3
DA:205,2
DA:212,1
LF:50
LH:50
BRDA:24,0,0,1
BRDA:24,0,1,7
BRDA:24,1,0,8
BRDA:24,1,1,7
BRDA:28,2,0,1
BRDA:28,2,1,6
BRDA:28,3,0,7
BRDA:28,3,1,6
BRDA:32,4,0,1
BRDA:32,4,1,5
BRDA:32,5,0,6
BRDA:32,5,1,5
BRDA:53,6,0,2
BRDA:53,6,1,3
BRDA:60,7,0,2
BRDA:60,7,1,1
BRDA:60,8,0,3
BRDA:60,8,1,3
BRDA:98,9,0,1
BRDA:98,9,1,3
BRDA:106,10,0,2
BRDA:106,10,1,1
BRDA:106,11,0,3
BRDA:106,11,1,3
BRDA:142,12,0,3
BRDA:142,12,1,1
BRDA:144,13,0,1
BRDA:144,13,1,3
BRDA:149,14,0,2
BRDA:149,14,1,1
BRDA:149,15,0,3
BRDA:149,15,1,3
BRDA:171,16,0,1
BRDA:171,16,1,5
BRDA:171,17,0,6
BRDA:171,17,1,5
BRDA:175,18,0,1
BRDA:175,18,1,4
BRDA:175,19,0,5
BRDA:175,19,1,4
BRDA:197,20,0,1
BRDA:197,20,1,3
BRDA:204,21,0,2
BRDA:204,21,1,1
BRDA:204,22,0,3
BRDA:204,22,1,3
BRF:46
BRH:46
end_of_record
TN:
SF:src\api\video\videoSession.ts
FN:17,(anonymous_0)
FN:23,(anonymous_1)
FN:24,(anonymous_2)
FN:32,(anonymous_3)
FN:33,(anonymous_4)
FN:41,(anonymous_5)
FN:49,(anonymous_6)
FNF:7
FNH:7
FNDA:6,(anonymous_0)
FNDA:18,(anonymous_1)
FNDA:10,(anonymous_2)
FNDA:18,(anonymous_3)
FNDA:10,(anonymous_4)
FNDA:16,(anonymous_5)
FNDA:6,(anonymous_6)
DA:1,1
DA:7,1
DA:15,6
DA:18,6
DA:19,6
DA:20,6
DA:23,18
DA:25,10
DA:26,2
DA:29,8
DA:32,18
DA:34,10
DA:35,2
DA:38,8
DA:41,16
DA:50,6
DA:55,6
LF:17
LH:17
BRDA:25,0,0,2
BRDA:25,0,1,8
BRDA:25,1,0,10
BRDA:25,1,1,8
BRDA:34,2,0,2
BRDA:34,2,1,8
BRDA:34,3,0,10
BRDA:34,3,1,8
BRF:8
BRH:8
end_of_record
TN:
SF:src\api\video\videoToken.ts
FN:15,(anonymous_0)
FN:20,(anonymous_1)
FN:21,(anonymous_2)
FN:29,(anonymous_3)
FN:37,(anonymous_4)
FNF:5
FNH:5
FNDA:6,(anonymous_0)
FNDA:19,(anonymous_1)
FNDA:10,(anonymous_2)
FNDA:13,(anonymous_3)
FNDA:5,(anonymous_4)
DA:1,1
DA:6,1
DA:13,6
DA:16,6
DA:17,6
DA:20,19
DA:22,10
DA:23,2
DA:26,8
DA:29,13
DA:38,5
DA:42,5
LF:12
LH:12
BRDA:22,0,0,2
BRDA:22,0,1,8
BRDA:22,1,0,10
BRDA:22,1,1,8
BRF:4
BRH:4
end_of_record
TN:
SF:src\api\voice\index.ts
FN:1,(anonymous_0)
FN:3,(anonymous_1)
FN:4,(anonymous_2)
FN:5,(anonymous_3)
FN:6,(anonymous_4)
FN:7,(anonymous_5)
FN:9,(anonymous_6)
FN:10,(anonymous_7)
FN:11,(anonymous_8)
FN:12,(anonymous_9)
FNF:10
FNH:10
FNDA:10,(anonymous_0)
FNDA:8,(anonymous_1)
FNDA:4,(anonymous_2)
FNDA:4,(anonymous_3)
FNDA:12,(anonymous_4)
FNDA:8,(anonymous_5)
FNDA:3,(anonymous_6)
FNDA:3,(anonymous_7)
FNDA:3,(anonymous_8)
FNDA:2,(anonymous_9)
DA:1,11
DA:3,9
DA:4,5
DA:5,5
DA:6,13
DA:7,9
DA:9,4
DA:10,4
DA:11,4
DA:12,3
LF:10
LH:10
BRF:0
BRH:0
end_of_record
TN:
SF:src\api\voice\voiceCall.ts
FN:45,(anonymous_0)
FN:50,(anonymous_1)
FN:51,(anonymous_2)
FN:59,(anonymous_3)
FN:67,(anonymous_4)
FN:75,(anonymous_5)
FN:76,(anonymous_6)
FN:84,(anonymous_7)
FN:85,(anonymous_8)
FN:93,(anonymous_9)
FN:94,(anonymous_10)
FN:102,(anonymous_11)
FN:103,(anonymous_12)
FN:105,(anonymous_13)
FN:113,(anonymous_14)
FNF:15
FNH:15
FNDA:8,(anonymous_0)
FNDA:31,(anonymous_1)
FNDA:11,(anonymous_2)
FNDA:26,(anonymous_3)
FNDA:6,(anonymous_4)
FNDA:10,(anonymous_5)
FNDA:3,(anonymous_6)
FNDA:10,(anonymous_7)
FNDA:3,(anonymous_8)
FNDA:10,(anonymous_9)
FNDA:3,(anonymous_10)
FNDA:10,(anonymous_11)
FNDA:1,(anonymous_12)
FNDA:31,(anonymous_13)
FNDA:9,(anonymous_14)
DA:1,1
DA:2,1
DA:8,1
DA:12,8
DA:16,8
DA:32,8
DA:43,8
DA:46,8
DA:47,8
DA:50,31
DA:52,11
DA:53,2
DA:56,9
DA:59,26
DA:68,6
DA:69,1
DA:72,5
DA:75,10
DA:77,3
DA:78,1
DA:81,2
DA:84,10
DA:86,3
DA:87,1
DA:90,2
DA:93,10
DA:95,3
DA:96,1
DA:99,2
DA:102,10
DA:103,1
DA:105,31
DA:114,9
DA:123,9
DA:124,54
DA:126,27
DA:130,9
LF:37
LH:37
BRDA:52,0,0,2
BRDA:52,0,1,9
BRDA:52,1,0,11
BRDA:52,1,1,9
BRDA:68,2,0,1
BRDA:68,2,1,5
BRDA:77,3,0,1
BRDA:77,3,1,2
BRDA:77,4,0,3
BRDA:77,4,1,3
BRDA:86,5,0,1
BRDA:86,5,1,2
BRDA:86,6,0,3
BRDA:86,6,1,3
BRDA:86,6,2,2
BRDA:95,7,0,1
BRDA:95,7,1,2
BRDA:95,8,0,3
BRDA:95,8,1,3
BRDA:124,9,0,27
BRDA:124,9,1,27
BRF:21
BRH:21
end_of_record
TN:
SF:src\api\voice\voiceClient.ts
FN:23,(anonymous_1)
FN:47,(anonymous_2)
FN:49,(anonymous_3)
FN:65,(anonymous_4)
FN:96,(anonymous_5)
FN:120,(anonymous_6)
FN:122,(anonymous_7)
FN:137,(anonymous_8)
FN:169,(anonymous_9)
FN:179,(anonymous_10)
FN:181,(anonymous_11)
FN:217,(anonymous_12)
FN:227,(anonymous_13)
FN:229,(anonymous_14)
FN:243,(anonymous_15)
FNF:15
FNH:15
FNDA:12,(anonymous_1)
FNDA:8,(anonymous_2)
FNDA:8,(anonymous_3)
FNDA:3,(anonymous_4)
FNDA:12,(anonymous_5)
FNDA:8,(anonymous_6)
FNDA:8,(anonymous_7)
FNDA:3,(anonymous_8)
FNDA:3,(anonymous_9)
FNDA:3,(anonymous_10)
FNDA:3,(anonymous_11)
FNDA:4,(anonymous_12)
FNDA:4,(anonymous_13)
FNDA:4,(anonymous_14)
FNDA:1,(anonymous_15)
DA:1,1
DA:3,1
DA:8,1
DA:14,1
DA:24,12
DA:25,1
DA:28,11
DA:29,1
DA:32,10
DA:33,2
DA:36,8
DA:47,8
DA:48,8
DA:52,8
DA:53,8
DA:55,8
DA:56,4
DA:64,4
DA:65,3
DA:66,3
DA:74,4
DA:75,4
DA:76,3
DA:83,1
DA:97,12
DA:98,1
DA:101,11
DA:102,1
DA:105,10
DA:106,2
DA:109,8
DA:120,8
DA:121,8
DA:124,8
DA:125,8
DA:127,8
DA:128,4
DA:136,4
DA:137,3
DA:138,3
DA:146,4
DA:147,4
DA:148,3
DA:155,1
DA:170,3
DA:179,3
DA:180,3
DA:183,3
DA:185,3
DA:186,1
DA:198,2
DA:199,1
DA:204,1
DA:218,4
DA:227,4
DA:228,4
DA:232,4
DA:234,4
DA:235,2
DA:242,2
DA:243,1
DA:244,1
DA:251,2
DA:252,2
DA:253,1
DA:258,1
LF:66
LH:66
BRDA:24,0,0,1
BRDA:24,0,1,11
BRDA:24,1,0,12
BRDA:24,1,1,11
BRDA:28,2,0,1
BRDA:28,2,1,10
BRDA:28,3,0,11
BRDA:28,3,1,10
BRDA:32,4,0,2
BRDA:32,4,1,8
BRDA:32,5,0,10
BRDA:32,5,1,9
BRDA:55,6,0,4
BRDA:55,6,1,4
BRDA:64,7,0,3
BRDA:64,7,1,1
BRDA:75,8,0,3
BRDA:75,8,1,1
BRDA:75,9,0,4
BRDA:75,9,1,2
BRDA:75,9,2,2
BRDA:97,10,0,1
BRDA:97,10,1,11
BRDA:97,11,0,12
BRDA:97,11,1,11
BRDA:101,12,0,1
BRDA:101,12,1,10
BRDA:101,13,0,11
BRDA:101,13,1,10
BRDA:105,14,0,2
BRDA:105,14,1,8
BRDA:105,15,0,10
BRDA:105,15,1,9
BRDA:127,16,0,4
BRDA:127,16,1,4
BRDA:136,17,0,3
BRDA:136,17,1,1
BRDA:147,18,0,3
BRDA:147,18,1,1
BRDA:147,19,0,4
BRDA:147,19,1,2
BRDA:147,19,2,2
BRDA:185,20,0,1
BRDA:185,20,1,2
BRDA:198,21,0,1
BRDA:198,21,1,1
BRDA:234,22,0,2
BRDA:234,22,1,2
BRDA:242,23,0,1
BRDA:242,23,1,1
BRDA:252,24,0,1
BRDA:252,24,1,1
BRF:52
BRH:52
end_of_record
TN:
SF:src\api\voice\voiceMessage.ts
FN:41,(anonymous_0)
FN:46,(anonymous_1)
FN:47,(anonymous_2)
FN:55,(anonymous_3)
FN:63,(anonymous_4)
FN:71,(anonymous_5)
FN:72,(anonymous_6)
FN:80,(anonymous_7)
FN:81,(anonymous_8)
FN:89,(anonymous_9)
FN:90,(anonymous_10)
FN:92,(anonymous_11)
FN:100,(anonymous_12)
FNF:13
FNH:13
FNDA:8,(anonymous_0)
FNDA:31,(anonymous_1)
FNDA:11,(anonymous_2)
FNDA:26,(anonymous_3)
FNDA:6,(anonymous_4)
FNDA:10,(anonymous_5)
FNDA:4,(anonymous_6)
FNDA:10,(anonymous_7)
FNDA:3,(anonymous_8)
FNDA:10,(anonymous_9)
FNDA:1,(anonymous_10)
FNDA:31,(anonymous_11)
FNDA:9,(anonymous_12)
DA:1,1
DA:2,1
DA:11,1
DA:15,8
DA:19,8
DA:39,8
DA:42,8
DA:43,8
DA:46,31
DA:48,11
DA:49,2
DA:52,9
DA:55,26
DA:64,6
DA:65,1
DA:68,5
DA:71,10
DA:73,4
DA:74,1
DA:77,3
DA:80,10
DA:82,3
DA:83,1
DA:86,2
DA:89,10
DA:90,1
DA:92,31
DA:101,9
DA:109,9
DA:110,45
DA:112,26
DA:116,9
LF:32
LH:32
BRDA:48,0,0,2
BRDA:48,0,1,9
BRDA:48,1,0,11
BRDA:48,1,1,9
BRDA:64,2,0,1
BRDA:64,2,1,5
BRDA:73,3,0,1
BRDA:73,3,1,3
BRDA:82,4,0,1
BRDA:82,4,1,2
BRDA:82,5,0,3
BRDA:82,5,1,3
BRDA:104,6,0,8
BRDA:104,6,1,1
BRDA:104,7,0,9
BRDA:104,7,1,9
BRDA:110,8,0,26
BRDA:110,8,1,19
BRF:18
BRH:18
end_of_record
TN:
SF:src\api\voice\callbackResponses\actionTypes.ts
FN:1,(anonymous_0)
FNF:1
FNH:1
FNDA:1,(anonymous_0)
DA:1,1
DA:2,1
DA:3,1
DA:4,1
DA:5,1
DA:6,1
LF:6
LH:6
BRDA:1,0,0,1
BRDA:1,0,1,1
BRF:2
BRH:2
end_of_record
TN:
SF:src\api\voice\callbackResponses\answerAction.ts
FN:7,(anonymous_0)
FN:13,(anonymous_1)
FN:15,(anonymous_2)
FNF:3
FNH:3
FNDA:2,(anonymous_0)
FNDA:2,(anonymous_1)
FNDA:1,(anonymous_2)
DA:1,1
DA:7,1
DA:11,2
DA:13,2
DA:16,1
LF:5
LH:5
BRF:0
BRH:0
end_of_record
TN:
SF:src\api\voice\callbackResponses\hangupAction.ts
FN:17,(anonymous_0)
FN:23,(anonymous_1)
FN:25,(anonymous_2)
FN:26,(anonymous_3)
FN:28,(anonymous_4)
FNF:5
FNH:5
FNDA:3,(anonymous_0)
FNDA:3,(anonymous_1)
FNDA:3,(anonymous_2)
FNDA:3,(anonymous_3)
FNDA:2,(anonymous_4)
DA:1,1
DA:7,1
DA:11,3
DA:18,3
DA:19,1
DA:23,3
DA:25,3
DA:26,3
DA:29,2
DA:34,2
DA:35,4
DA:37,1
DA:41,2
LF:13
LH:13
BRDA:18,0,0,1
BRDA:18,0,1,2
BRDA:35,1,0,1
BRDA:35,1,1,3
BRF:4
BRH:4
end_of_record
TN:
SF:src\api\voice\callbackResponses\patchAction.ts
FN:47,(anonymous_0)
FN:51,(anonymous_1)
FN:53,(anonymous_2)
FN:54,(anonymous_3)
FN:62,(anonymous_4)
FN:65,(anonymous_5)
FN:69,(anonymous_6)
FN:72,(anonymous_7)
FN:76,(anonymous_8)
FN:77,(anonymous_9)
FN:85,(anonymous_10)
FN:86,(anonymous_11)
FN:94,(anonymous_12)
FN:95,(anonymous_13)
FN:99,(anonymous_14)
FN:100,(anonymous_15)
FN:108,(anonymous_16)
FNF:17
FNH:17
FNDA:11,(anonymous_0)
FNDA:2,(anonymous_1)
FNDA:3,(anonymous_2)
FNDA:3,(anonymous_3)
FNDA:3,(anonymous_4)
FNDA:1,(anonymous_5)
FNDA:3,(anonymous_6)
FNDA:1,(anonymous_7)
FNDA:2,(anonymous_8)
FNDA:4,(anonymous_9)
FNDA:4,(anonymous_10)
FNDA:18,(anonymous_11)
FNDA:2,(anonymous_12)
FNDA:1,(anonymous_13)
FNDA:3,(anonymous_14)
FNDA:4,(anonymous_15)
FNDA:1,(anonymous_16)
DA:1,1
DA:5,1
DA:11,1
DA:15,11
DA:20,11
DA:45,11
DA:48,11
DA:51,2
DA:53,3
DA:55,3
DA:56,1
DA:59,2
DA:63,3
DA:66,1
DA:70,3
DA:73,1
DA:76,2
DA:78,4
DA:79,3
DA:82,1
DA:85,4
DA:87,18
DA:88,7
DA:91,11
DA:94,2
DA:96,1
DA:99,3
DA:101,4
DA:102,2
DA:105,2
DA:109,1
DA:120,1
DA:121,8
DA:123,4
DA:127,1
LF:35
LH:35
BRDA:55,0,0,1
BRDA:55,0,1,2
BRDA:55,1,0,3
BRDA:55,1,1,2
BRDA:78,2,0,3
BRDA:78,2,1,1
BRDA:78,3,0,4
BRDA:78,3,1,4
BRDA:87,4,0,7
BRDA:87,4,1,11
BRDA:87,5,0,18
BRDA:87,5,1,16
BRDA:101,6,0,2
BRDA:101,6,1,2
BRDA:101,7,0,4
BRDA:101,7,1,3
BRDA:121,8,0,4
BRDA:121,8,1,4
BRF:18
BRH:18
end_of_record
TN:
SF:src\api\voice\callbackResponses\playAction.ts
FN:11,(anonymous_0)
FN:39,(anonymous_1)
FN:41,(anonymous_2)
FN:42,(anonymous_3)
FN:50,(anonymous_4)
FN:51,(anonymous_5)
FN:59,(anonymous_6)
FN:60,(anonymous_7)
FN:68,(anonymous_8)
FN:69,(anonymous_9)
FN:77,(anonymous_10)
FN:78,(anonymous_11)
FN:82,(anonymous_12)
FNF:13
FNH:13
FNDA:8,(anonymous_0)
FNDA:2,(anonymous_1)
FNDA:3,(anonymous_2)
FNDA:3,(anonymous_3)
FNDA:4,(anonymous_4)
FNDA:4,(anonymous_5)
FNDA:2,(anonymous_6)
FNDA:3,(anonymous_7)
FNDA:2,(anonymous_8)
FNDA:3,(anonymous_9)
FNDA:2,(anonymous_10)
FNDA:1,(anonymous_11)
FNDA:1,(anonymous_12)
DA:1,1
DA:5,1
DA:11,1
DA:15,8
DA:20,8
DA:39,2
DA:41,3
DA:43,3
DA:44,1
DA:47,2
DA:50,4
DA:52,4
DA:53,2
DA:56,2
DA:59,2
DA:61,3
DA:62,2
DA:65,1
DA:68,2
DA:70,3
DA:71,2
DA:74,1
DA:77,2
DA:79,1
DA:83,1
DA:92,1
DA:93,6
DA:95,4
DA:99,1
LF:29
LH:29
BRDA:43,0,0,1
BRDA:43,0,1,2
BRDA:43,1,0,3
BRDA:43,1,1,2
BRDA:52,2,0,2
BRDA:52,2,1,2
BRDA:52,3,0,4
BRDA:52,3,1,3
BRDA:61,4,0,2
BRDA:61,4,1,1
BRDA:61,5,0,3
BRDA:61,5,1,3
BRDA:61,5,2,2
BRDA:70,6,0,2
BRDA:70,6,1,1
BRDA:70,7,0,3
BRDA:70,7,1,3
BRDA:70,7,2,2
BRDA:93,8,0,4
BRDA:93,8,1,2
BRF:20
BRH:20
end_of_record
TN:
SF:src\api\voice\callbackResponses\recordAction.ts
FN:11,(anonymous_0)
FN:30,(anonymous_1)
FN:32,(anonymous_2)
FN:33,(anonymous_3)
FN:41,(anonymous_4)
FN:42,(anonymous_5)
FN:50,(anonymous_6)
FN:51,(anonymous_7)
FN:55,(anonymous_8)
FNF:9
FNH:9
FNDA:5,(anonymous_0)
FNDA:2,(anonymous_1)
FNDA:2,(anonymous_2)
FNDA:3,(anonymous_3)
FNDA:2,(anonymous_4)
FNDA:3,(anonymous_5)
FNDA:2,(anonymous_6)
FNDA:1,(anonymous_7)
FNDA:1,(anonymous_8)
DA:1,1
DA:5,1
DA:11,1
DA:15,5
DA:30,2
DA:32,2
DA:34,3
DA:35,2
DA:38,1
DA:41,2
DA:43,3
DA:44,2
DA:47,1
DA:50,2
DA:52,1
DA:56,1
DA:63,1
DA:64,4
DA:66,3
DA:70,1
LF:20
LH:20
BRDA:34,0,0,2
BRDA:34,0,1,1
BRDA:34,1,0,3
BRDA:34,1,1,2
BRDA:43,2,0,2
BRDA:43,2,1,1
BRDA:43,3,0,3
BRDA:43,3,1,3
BRDA:43,3,2,2
BRDA:64,4,0,3
BRDA:64,4,1,1
BRF:11
BRH:11
end_of_record
TN:
SF:src\api\voice\message\mediaAudio.ts
FN:24,(anonymous_0)
FN:28,(anonymous_1)
FN:30,(anonymous_2)
FN:31,(anonymous_3)
FN:39,(anonymous_4)
FN:40,(anonymous_5)
FN:54,(anonymous_6)
FNF:7
FNH:7
FNDA:4,(anonymous_0)
FNDA:2,(anonymous_1)
FNDA:3,(anonymous_2)
FNDA:5,(anonymous_3)
FNDA:2,(anonymous_4)
FNDA:3,(anonymous_5)
FNDA:1,(anonymous_6)
DA:1,1
DA:2,1
DA:8,1
DA:12,4
DA:25,4
DA:28,2
DA:30,3
DA:32,5
DA:33,1
DA:36,4
DA:39,2
DA:41,3
DA:42,1
DA:45,2
DA:55,1
DA:61,1
DA:62,3
DA:64,1
DA:68,1
LF:19
LH:19
BRDA:32,0,0,1
BRDA:32,0,1,4
BRDA:32,1,0,5
BRDA:32,1,1,4
BRDA:41,2,0,1
BRDA:41,2,1,2
BRDA:41,3,0,3
BRDA:41,3,1,3
BRDA:41,3,2,2
BRDA:62,4,0,1
BRDA:62,4,1,2
BRF:11
BRH:11
end_of_record
TN:
SF:src\api\voice\message\ttsAudio.ts
FN:66,(anonymous_0)
FN:70,(anonymous_1)
FN:71,(anonymous_2)
FN:79,(anonymous_3)
FN:81,(anonymous_4)
FN:82,(anonymous_5)
FN:90,(anonymous_6)
FN:91,(anonymous_7)
FN:100,(anonymous_8)
FN:101,(anonymous_9)
FN:105,(anonymous_10)
FN:106,(anonymous_11)
FN:110,(anonymous_12)
FN:111,(anonymous_13)
FN:120,(anonymous_14)
FN:121,(anonymous_15)
FN:125,(anonymous_16)
FN:126,(anonymous_17)
FN:141,(anonymous_18)
FNF:19
FNH:19
FNDA:4,(anonymous_0)
FNDA:2,(anonymous_1)
FNDA:5,(anonymous_2)
FNDA:2,(anonymous_3)
FNDA:2,(anonymous_4)
FNDA:3,(anonymous_5)
FNDA:2,(anonymous_6)
FNDA:3,(anonymous_7)
FNDA:2,(anonymous_8)
FNDA:1,(anonymous_9)
FNDA:2,(anonymous_10)
FNDA:1,(anonymous_11)
FNDA:2,(anonymous_12)
FNDA:3,(anonymous_13)
FNDA:2,(anonymous_14)
FNDA:1,(anonymous_15)
FNDA:2,(anonymous_16)
FNDA:2,(anonymous_17)
FNDA:1,(anonymous_18)
DA:1,1
DA:2,1
DA:3,1
DA:4,1
DA:5,1
DA:6,1
DA:12,1
DA:16,4
DA:20,4
DA:31,4
DA:36,4
DA:41,4
DA:46,4
DA:51,4
DA:57,4
DA:59,4
DA:60,4
DA:61,4
DA:62,4
DA:63,4
DA:64,4
DA:67,4
DA:70,2
DA:72,5
DA:73,1
DA:76,4
DA:79,2
DA:81,2
DA:83,3
DA:84,1
DA:87,2
DA:90,2
DA:93,3
DA:94,1
DA:97,2
DA:100,2
DA:102,1
DA:105,2
DA:107,1
DA:110,2
DA:113,3
DA:114,1
DA:117,2
DA:120,2
DA:122,1
DA:125,2
DA:128,2
DA:129,1
DA:132,1
DA:142,1
DA:154,1
DA:155,9
DA:157,1
DA:161,1
LF:54
LH:54
BRDA:72,0,0,1
BRDA:72,0,1,4
BRDA:72,1,0,5
BRDA:72,1,1,4
BRDA:83,2,0,1
BRDA:83,2,1,2
BRDA:83,3,0,3
BRDA:83,3,1,3
BRDA:83,3,2,2
BRDA:93,4,0,1
BRDA:93,4,1,2
BRDA:113,5,0,1
BRDA:113,5,1,2
BRDA:128,6,0,1
BRDA:128,6,1,1
BRDA:155,7,0,1
BRDA:155,7,1,8
BRF:17
BRH:17
end_of_record
TN:
SF:src\api\voice\message\urlAudio.ts
FN:25,(anonymous_0)
FN:29,(anonymous_1)
FN:31,(anonymous_2)
FN:32,(anonymous_3)
FN:40,(anonymous_4)
FN:41,(anonymous_5)
FN:55,(anonymous_6)
FNF:7
FNH:7
FNDA:12,(anonymous_0)
FNDA:8,(anonymous_1)
FNDA:9,(anonymous_2)
FNDA:13,(anonymous_3)
FNDA:8,(anonymous_4)
FNDA:3,(anonymous_5)
FNDA:7,(anonymous_6)
DA:1,1
DA:2,1
DA:8,1
DA:12,12
DA:26,12
DA:29,8
DA:31,9
DA:33,13
DA:34,1
DA:37,12
DA:40,8
DA:42,3
DA:43,1
DA:46,2
DA:56,7
DA:62,7
DA:63,21
DA:65,7
DA:69,7
LF:19
LH:19
BRDA:33,0,0,1
BRDA:33,0,1,12
BRDA:33,1,0,13
BRDA:33,1,1,12
BRDA:42,2,0,1
BRDA:42,2,1,2
BRDA:42,3,0,3
BRDA:42,3,1,3
BRDA:42,3,2,2
BRDA:63,4,0,7
BRDA:63,4,1,14
BRF:11
BRH:11
end_of_record
TN:
SF:src\api\voice\types\genderType.ts
FN:1,(anonymous_0)
FNF:1
FNH:1
FNDA:1,(anonymous_0)
DA:1,1
DA:2,1
DA:3,1
LF:3
LH:3
BRDA:1,0,0,1
BRDA:1,0,1,1
BRF:2
BRH:2
end_of_record
TN:
SF:src\api\voice\types\styleType.ts
FN:1,(anonymous_0)
FNF:1
FNH:1
FNDA:1,(anonymous_0)
DA:1,1
DA:2,1
DA:3,1
LF:3
LH:3
BRDA:1,0,0,1
BRDA:1,0,1,1
BRF:2
BRH:2
end_of_record
TN:
SF:src\api\voice\types\textFormatType.ts
FN:1,(anonymous_0)
FNF:1
FNH:1
FNDA:1,(anonymous_0)
DA:1,1
DA:2,1
DA:3,1
LF:3
LH:3
BRDA:1,0,0,1
BRDA:1,0,1,1
BRF:2
BRH:2
end_of_record
TN:
SF:src\api\voice\types\voiceContentType.ts
FN:1,(anonymous_0)
FNF:1
FNH:1
FNDA:1,(anonymous_0)
DA:1,1
DA:2,1
DA:3,1
DA:4,1
LF:4
LH:4
BRDA:1,0,0,1
BRDA:1,0,1,1
BRF:2
BRH:2
end_of_record
TN:
SF:src\api\whatsapp\index.ts
FN:1,(anonymous_0)
FN:2,(anonymous_1)
FN:3,(anonymous_2)
FN:4,(anonymous_3)
FN:5,(anonymous_4)
FN:6,(anonymous_5)
FN:7,(anonymous_6)
FN:8,(anonymous_7)
FN:9,(anonymous_8)
FN:10,(anonymous_9)
FN:11,(anonymous_10)
FN:12,(anonymous_11)
FNF:12
FNH:12
FNDA:9,(anonymous_0)
FNDA:5,(anonymous_1)
FNDA:5,(anonymous_2)
FNDA:5,(anonymous_3)
FNDA:5,(anonymous_4)
FNDA:5,(anonymous_5)
FNDA:5,(anonymous_6)
FNDA:8,(anonymous_7)
FNDA:6,(anonymous_8)
FNDA:5,(anonymous_9)
FNDA:29,(anonymous_10)
FNDA:13,(anonymous_11)
DA:1,10
DA:2,6
DA:3,6
DA:4,6
DA:5,6
DA:6,6
DA:7,6
DA:8,9
DA:9,7
DA:10,6
DA:11,30
DA:12,14
LF:12
LH:12
BRF:0
BRH:0
end_of_record
TN:
SF:src\api\whatsapp\whatsappClient.ts
FN:26,(anonymous_1)
FN:51,(anonymous_2)
FN:53,(anonymous_3)
FN:87,(anonymous_4)
FN:97,(anonymous_5)
FN:99,(anonymous_6)
FN:238,(anonymous_7)
FN:257,(anonymous_8)
FN:267,(anonymous_9)
FN:281,(anonymous_10)
FN:290,(anonymous_11)
FNF:11
FNH:11
FNDA:8,(anonymous_1)
FNDA:5,(anonymous_2)
FNDA:5,(anonymous_3)
FNDA:14,(anonymous_4)
FNDA:14,(anonymous_5)
FNDA:14,(anonymous_6)
FNDA:2,(anonymous_7)
FNDA:1,(anonymous_8)
FNDA:1,(anonymous_9)
FNDA:1,(anonymous_10)
FNDA:1,(anonymous_11)
DA:1,1
DA:2,1
DA:3,1
DA:11,1
DA:17,1
DA:28,8
DA:29,1
DA:32,7
DA:33,1
DA:36,6
DA:37,1
DA:40,5
DA:51,5
DA:52,5
DA:55,5
DA:56,5
DA:58,5
DA:59,1
DA:66,4
DA:67,3
DA:74,1
DA:88,14
DA:97,14
DA:98,14
DA:102,14
DA:104,14
DA:105,11
DA:106,2
DA:121,11
DA:122,1
DA:137,11
DA:138,1
DA:154,11
DA:155,1
DA:171,11
DA:172,1
DA:189,11
DA:190,1
DA:205,11
DA:206,1
DA:223,11
DA:224,3
DA:237,3
DA:238,2
DA:239,2
DA:256,2
DA:257,1
DA:258,1
DA:266,2
DA:267,1
DA:268,1
DA:280,2
DA:281,1
DA:282,1
DA:289,2
DA:290,1
DA:291,1
DA:298,2
DA:303,11
DA:304,1
DA:307,11
DA:308,3
DA:309,1
DA:313,2
DA:314,1
DA:321,1
LF:66
LH:66
BRDA:28,0,0,1
BRDA:28,0,1,7
BRDA:28,1,0,8
BRDA:28,1,1,7
BRDA:32,2,0,1
BRDA:32,2,1,6
BRDA:32,3,0,7
BRDA:32,3,1,6
BRDA:36,4,0,1
BRDA:36,4,1,5
BRDA:36,5,0,6
BRDA:36,5,1,5
BRDA:58,6,0,1
BRDA:58,6,1,4
BRDA:66,7,0,3
BRDA:66,7,1,1
BRDA:104,8,0,11
BRDA:104,8,1,3
BRDA:105,9,0,2
BRDA:105,9,1,9
BRDA:121,10,0,1
BRDA:121,10,1,10
BRDA:137,11,0,1
BRDA:137,11,1,10
BRDA:154,12,0,1
BRDA:154,12,1,10
BRDA:171,13,0,1
BRDA:171,13,1,10
BRDA:189,14,0,1
BRDA:189,14,1,10
BRDA:205,15,0,1
BRDA:205,15,1,10
BRDA:223,16,0,3
BRDA:223,16,1,8
BRDA:237,17,0,2
BRDA:237,17,1,1
BRDA:237,18,0,3
BRDA:237,18,1,2
BRDA:256,19,0,1
BRDA:256,19,1,1
BRDA:256,20,0,2
BRDA:256,20,1,1
BRDA:266,21,0,1
BRDA:266,21,1,1
BRDA:266,22,0,2
BRDA:266,22,1,1
BRDA:280,23,0,1
BRDA:280,23,1,1
BRDA:280,24,0,2
BRDA:280,24,1,1
BRDA:289,25,0,1
BRDA:289,25,1,1
BRDA:289,26,0,2
BRDA:289,26,1,1
BRDA:303,27,0,1
BRDA:303,27,1,10
BRDA:308,28,0,1
BRDA:308,28,1,2
BRDA:313,29,0,1
BRDA:313,29,1,1
BRF:60
BRH:60
end_of_record
TN:
SF:src\api\whatsapp\whatsappContentType.ts
FN:1,(anonymous_0)
FNF:1
FNH:1
FNDA:1,(anonymous_0)
DA:1,1
DA:2,1
DA:3,1
DA:4,1
DA:5,1
DA:6,1
DA:7,1
DA:8,1
DA:9,1
DA:10,1
LF:10
LH:10
BRDA:1,0,0,1
BRDA:1,0,1,1
BRF:2
BRH:2
end_of_record
TN:
SF:src\api\whatsapp\audio\whatsappAudioMessage.ts
FN:56,(anonymous_0)
FN:64,(anonymous_1)
FN:66,(anonymous_2)
FN:67,(anonymous_3)
FN:75,(anonymous_4)
FN:76,(anonymous_5)
FN:84,(anonymous_6)
FN:85,(anonymous_7)
FN:89,(anonymous_8)
FN:90,(anonymous_9)
FN:98,(anonymous_10)
FN:99,(anonymous_11)
FN:107,(anonymous_12)
FN:108,(anonymous_13)
FN:110,(anonymous_14)
FN:111,(anonymous_15)
FN:113,(anonymous_16)
FN:115,(anonymous_17)
FN:124,(anonymous_18)
FN:138,(anonymous_19)
FNF:20
FNH:20
FNDA:5,(anonymous_0)
FNDA:2,(anonymous_1)
FNDA:2,(anonymous_2)
FNDA:7,(anonymous_3)
FNDA:2,(anonymous_4)
FNDA:7,(anonymous_5)
FNDA:2,(anonymous_6)
FNDA:5,(anonymous_7)
FNDA:2,(anonymous_8)
FNDA:7,(anonymous_9)
FNDA:2,(anonymous_10)
FNDA:3,(anonymous_11)
FNDA:2,(anonymous_12)
FNDA:2,(anonymous_13)
FNDA:2,(anonymous_14)
FNDA:1,(anonymous_15)
FNDA:2,(anonymous_16)
FNDA:2,(anonymous_17)
FNDA:3,(anonymous_18)
FNDA:1,(anonymous_19)
DA:1,1
DA:2,1
DA:6,1
DA:12,1
DA:16,5
DA:20,5
DA:24,5
DA:28,5
DA:32,5
DA:49,5
DA:54,5
DA:57,5
DA:58,5
DA:59,5
DA:60,5
DA:61,5
DA:64,2
DA:66,2
DA:68,7
DA:69,1
DA:72,6
DA:75,2
DA:77,7
DA:78,1
DA:81,6
DA:84,2
DA:86,5
DA:89,2
DA:91,7
DA:92,1
DA:95,6
DA:98,2
DA:100,3
DA:101,1
DA:104,2
DA:107,2
DA:108,2
DA:110,2
DA:111,1
DA:113,2
DA:115,2
DA:125,3
DA:126,1
DA:129,2
DA:139,1
DA:151,1
DA:152,9
DA:154,1
DA:158,1
LF:49
LH:49
BRDA:68,0,0,1
BRDA:68,0,1,6
BRDA:68,1,0,7
BRDA:68,1,1,7
BRDA:77,2,0,1
BRDA:77,2,1,6
BRDA:91,3,0,1
BRDA:91,3,1,6
BRDA:100,4,0,1
BRDA:100,4,1,2
BRDA:100,5,0,3
BRDA:100,5,1,3
BRDA:125,6,0,1
BRDA:125,6,1,2
BRDA:152,7,0,1
BRDA:152,7,1,8
BRF:16
BRH:16
end_of_record
TN:
SF:src\api\whatsapp\contacts\whatsappContact.ts
FN:11,(anonymous_0)
FN:69,(anonymous_1)
FN:70,(anonymous_2)
FN:74,(anonymous_3)
FN:75,(anonymous_4)
FN:79,(anonymous_5)
FN:80,(anonymous_6)
FN:84,(anonymous_7)
FN:85,(anonymous_8)
FN:89,(anonymous_9)
FN:90,(anonymous_10)
FN:94,(anonymous_11)
FN:95,(anonymous_12)
FN:99,(anonymous_13)
FN:100,(anonymous_14)
FN:108,(anonymous_15)
FN:109,(anonymous_16)
FN:113,(anonymous_17)
FN:114,(anonymous_18)
FN:118,(anonymous_19)
FN:119,(anonymous_20)
FN:123,(anonymous_21)
FN:131,(anonymous_22)
FN:140,(anonymous_23)
FN:148,(anonymous_24)
FN:157,(anonymous_25)
FN:165,(anonymous_26)
FN:174,(anonymous_27)
FN:182,(anonymous_28)
FN:197,(anonymous_29)
FNF:30
FNH:30
FNDA:8,(anonymous_0)
FNDA:6,(anonymous_1)
FNDA:3,(anonymous_2)
FNDA:6,(anonymous_3)
FNDA:3,(anonymous_4)
FNDA:6,(anonymous_5)
FNDA:3,(anonymous_6)
FNDA:6,(anonymous_7)
FNDA:2,(anonymous_8)
FNDA:6,(anonymous_9)
FNDA:2,(anonymous_10)
FNDA:6,(anonymous_11)
FNDA:1,(anonymous_12)
FNDA:6,(anonymous_13)
FNDA:3,(anonymous_14)
FNDA:6,(anonymous_15)
FNDA:1,(anonymous_16)
FNDA:6,(anonymous_17)
FNDA:1,(anonymous_18)
FNDA:6,(anonymous_19)
FNDA:2,(anonymous_20)
FNDA:5,(anonymous_21)
FNDA:2,(anonymous_22)
FNDA:5,(anonymous_23)
FNDA:2,(anonymous_24)
FNDA:5,(anonymous_25)
FNDA:2,(anonymous_26)
FNDA:5,(anonymous_27)
FNDA:2,(anonymous_28)
FNDA:5,(anonymous_29)
DA:2,1
DA:11,1
DA:55,8
DA:59,8
DA:63,8
DA:67,8
DA:69,6
DA:71,3
DA:74,6
DA:76,3
DA:79,6
DA:81,3
DA:84,6
DA:86,2
DA:89,6
DA:91,2
DA:94,6
DA:96,1
DA:99,6
DA:101,3
DA:102,1
DA:105,2
DA:108,6
DA:110,1
DA:113,6
DA:115,1
DA:118,6
DA:120,2
DA:123,5
DA:132,2
DA:133,1
DA:137,1
DA:140,5
DA:149,2
DA:150,1
DA:154,1
DA:157,5
DA:166,2
DA:167,1
DA:171,1
DA:174,5
DA:183,2
DA:184,1
DA:188,1
DA:198,5
DA:215,5
DA:216,70
DA:218,44
DA:222,5
LF:49
LH:49
BRDA:101,0,0,1
BRDA:101,0,1,2
BRDA:101,1,0,3
BRDA:101,1,1,3
BRDA:132,2,0,1
BRDA:132,2,1,1
BRDA:149,3,0,1
BRDA:149,3,1,1
BRDA:166,4,0,1
BRDA:166,4,1,1
BRDA:183,5,0,1
BRDA:183,5,1,1
BRDA:216,6,0,44
BRDA:216,6,1,26
BRF:14
BRH:14
end_of_record
TN:
SF:src\api\whatsapp\contacts\whatsappContactAddr.ts
FN:8,(anonymous_0)
FN:41,(anonymous_1)
FN:42,(anonymous_2)
FN:51,(anonymous_3)
FN:52,(anonymous_4)
FN:56,(anonymous_5)
FN:57,(anonymous_6)
FN:61,(anonymous_7)
FN:62,(anonymous_8)
FN:66,(anonymous_9)
FN:67,(anonymous_10)
FN:71,(anonymous_11)
FN:72,(anonymous_12)
FN:76,(anonymous_13)
FN:77,(anonymous_14)
FN:87,(anonymous_15)
FNF:16
FNH:16
FNDA:3,(anonymous_0)
FNDA:3,(anonymous_1)
FNDA:5,(anonymous_2)
FNDA:3,(anonymous_3)
FNDA:2,(anonymous_4)
FNDA:3,(anonymous_5)
FNDA:3,(anonymous_6)
FNDA:3,(anonymous_7)
FNDA:2,(anonymous_8)
FNDA:3,(anonymous_9)
FNDA:1,(anonymous_10)
FNDA:3,(anonymous_11)
FNDA:1,(anonymous_12)
FNDA:3,(anonymous_13)
FNDA:1,(anonymous_14)
FNDA:2,(anonymous_15)
DA:1,1
DA:2,1
DA:8,1
DA:38,3
DA:39,3
DA:41,3
DA:44,5
DA:45,2
DA:48,3
DA:51,3
DA:53,2
DA:56,3
DA:58,3
DA:61,3
DA:63,2
DA:66,3
DA:68,1
DA:71,3
DA:73,1
DA:76,3
DA:78,1
DA:88,2
DA:98,2
DA:99,14
DA:101,8
DA:105,2
LF:26
LH:26
BRDA:44,0,0,2
BRDA:44,0,1,3
BRDA:99,1,0,8
BRDA:99,1,1,6
BRF:4
BRH:4
end_of_record
TN:
SF:src\api\whatsapp\contacts\whatsappContactEmail.ts
FN:9,(anonymous_0)
FN:22,(anonymous_1)
FN:23,(anonymous_2)
FN:32,(anonymous_3)
FN:33,(anonymous_4)
FN:47,(anonymous_5)
FNF:6
FNH:6
FNDA:3,(anonymous_0)
FNDA:3,(anonymous_1)
FNDA:3,(anonymous_2)
FNDA:3,(anonymous_3)
FNDA:4,(anonymous_4)
FNDA:2,(anonymous_5)
DA:1,1
DA:2,1
DA:3,1
DA:9,1
DA:19,3
DA:20,3
DA:22,3
DA:25,3
DA:26,1
DA:29,2
DA:32,3
DA:34,4
DA:35,1
DA:38,3
DA:48,2
DA:53,2
DA:54,4
DA:56,1
DA:60,2
LF:19
LH:19
BRDA:25,0,0,1
BRDA:25,0,1,2
BRDA:34,1,0,1
BRDA:34,1,1,3
BRDA:34,2,0,4
BRDA:34,2,1,4
BRDA:54,3,0,1
BRDA:54,3,1,3
BRF:8
BRH:8
end_of_record
TN:
SF:src\api\whatsapp\contacts\whatsappContactMessage.ts
FN:53,(anonymous_0)
FN:59,(anonymous_1)
FN:61,(anonymous_2)
FN:63,(anonymous_3)
FN:64,(anonymous_4)
FN:68,(anonymous_5)
FN:69,(anonymous_6)
FN:77,(anonymous_7)
FN:78,(anonymous_8)
FN:86,(anonymous_9)
FN:87,(anonymous_10)
FN:89,(anonymous_11)
FN:90,(anonymous_12)
FN:92,(anonymous_13)
FN:94,(anonymous_14)
FN:103,(anonymous_15)
FN:117,(anonymous_16)
FN:127,(anonymous_17)
FNF:18
FNH:18
FNDA:6,(anonymous_0)
FNDA:2,(anonymous_1)
FNDA:2,(anonymous_2)
FNDA:2,(anonymous_3)
FNDA:6,(anonymous_4)
FNDA:2,(anonymous_5)
FNDA:8,(anonymous_6)
FNDA:2,(anonymous_7)
FNDA:3,(anonymous_8)
FNDA:2,(anonymous_9)
FNDA:2,(anonymous_10)
FNDA:2,(anonymous_11)
FNDA:1,(anonymous_12)
FNDA:2,(anonymous_13)
FNDA:2,(anonymous_14)
FNDA:3,(anonymous_15)
FNDA:1,(anonymous_16)
FNDA:1,(anonymous_17)
DA:1,1
DA:2,1
DA:6,1
DA:13,1
DA:17,6
DA:21,6
DA:25,6
DA:29,6
DA:46,6
DA:51,6
DA:54,6
DA:55,6
DA:56,6
DA:59,2
DA:61,2
DA:63,2
DA:65,6
DA:68,2
DA:70,8
DA:71,1
DA:74,7
DA:77,2
DA:79,3
DA:80,1
DA:83,2
DA:86,2
DA:87,2
DA:89,2
DA:90,1
DA:92,2
DA:94,2
DA:104,3
DA:105,1
DA:108,2
DA:118,1
DA:128,1
DA:139,1
DA:140,8
DA:142,1
DA:146,1
LF:40
LH:40
BRDA:70,0,0,1
BRDA:70,0,1,7
BRDA:79,1,0,1
BRDA:79,1,1,2
BRDA:79,2,0,3
BRDA:79,2,1,3
BRDA:104,3,0,1
BRDA:104,3,1,2
BRDA:140,4,0,1
BRDA:140,4,1,7
BRF:10
BRH:10
end_of_record
TN:
SF:src\api\whatsapp\contacts\whatsappContactPhone.ts
FN:9,(anonymous_0)
FN:26,(anonymous_1)
FN:27,(anonymous_2)
FN:36,(anonymous_3)
FN:37,(anonymous_4)
FN:45,(anonymous_5)
FN:46,(anonymous_6)
FN:56,(anonymous_7)
FNF:8
FNH:8
FNDA:3,(anonymous_0)
FNDA:3,(anonymous_1)
FNDA:4,(anonymous_2)
FNDA:3,(anonymous_3)
FNDA:4,(anonymous_4)
FNDA:2,(anonymous_5)
FNDA:1,(anonymous_6)
FNDA:2,(anonymous_7)
DA:1,1
DA:2,1
DA:3,1
DA:9,1
DA:23,3
DA:24,3
DA:26,3
DA:29,4
DA:30,1
DA:33,3
DA:36,3
DA:38,4
DA:39,1
DA:42,3
DA:45,2
DA:47,1
DA:57,2
DA:63,2
DA:64,6
DA:66,1
DA:70,2
LF:21
LH:21
BRDA:29,0,0,1
BRDA:29,0,1,3
BRDA:38,1,0,1
BRDA:38,1,1,3
BRDA:38,2,0,4
BRDA:38,2,1,4
BRDA:64,3,0,1
BRDA:64,3,1,5
BRF:8
BRH:8
end_of_record
TN:
SF:src\api\whatsapp\contacts\whatsappContactUrl.ts
FN:9,(anonymous_0)
FN:22,(anonymous_1)
FN:23,(anonymous_2)
FN:32,(anonymous_3)
FN:33,(anonymous_4)
FN:47,(anonymous_5)
FNF:6
FNH:6
FNDA:3,(anonymous_0)
FNDA:3,(anonymous_1)
FNDA:3,(anonymous_2)
FNDA:3,(anonymous_3)
FNDA:4,(anonymous_4)
FNDA:2,(anonymous_5)
DA:1,1
DA:2,1
DA:3,1
DA:9,1
DA:19,3
DA:20,3
DA:22,3
DA:25,3
DA:26,1
DA:29,2
DA:32,3
DA:34,4
DA:35,1
DA:38,3
DA:48,2
DA:53,2
DA:54,4
DA:56,1
DA:60,2
LF:19
LH:19
BRDA:25,0,0,1
BRDA:25,0,1,2
BRDA:34,1,0,1
BRDA:34,1,1,3
BRDA:34,2,0,4
BRDA:34,2,1,4
BRDA:54,3,0,1
BRDA:54,3,1,3
BRF:8
BRH:8
end_of_record
TN:
SF:src\api\whatsapp\contacts\types\address.ts
FN:1,(anonymous_0)
FNF:1
FNH:1
FNDA:1,(anonymous_0)
DA:1,1
DA:2,1
DA:3,1
LF:3
LH:3
BRDA:1,0,0,1
BRDA:1,0,1,1
BRF:2
BRH:2
end_of_record
TN:
SF:src\api\whatsapp\contacts\types\email.ts
FN:1,(anonymous_0)
FNF:1
FNH:1
FNDA:1,(anonymous_0)
DA:1,1
DA:2,1
DA:3,1
LF:3
LH:3
BRDA:1,0,0,1
BRDA:1,0,1,1
BRF:2
BRH:2
end_of_record
TN:
SF:src\api\whatsapp\contacts\types\index.ts
FN:1,(anonymous_0)
FN:2,(anonymous_1)
FN:3,(anonymous_2)
FN:4,(anonymous_3)
FNF:4
FNH:4
FNDA:7,(anonymous_0)
FNDA:6,(anonymous_1)
FNDA:7,(anonymous_2)
FNDA:6,(anonymous_3)
DA:1,8
DA:2,7
DA:3,8
DA:4,7
LF:4
LH:4
BRF:0
BRH:0
end_of_record
TN:
SF:src\api\whatsapp\contacts\types\phone.ts
FN:1,(anonymous_0)
FNF:1
FNH:1
FNDA:1,(anonymous_0)
DA:1,1
DA:2,1
DA:3,1
DA:4,1
DA:5,1
DA:6,1
LF:6
LH:6
BRDA:1,0,0,1
BRDA:1,0,1,1
BRF:2
BRH:2
end_of_record
TN:
SF:src\api\whatsapp\contacts\types\url.ts
FN:1,(anonymous_0)
FNF:1
FNH:1
FNDA:1,(anonymous_0)
DA:1,1
DA:2,1
DA:3,1
LF:3
LH:3
BRDA:1,0,0,1
BRDA:1,0,1,1
BRF:2
BRH:2
end_of_record
TN:
SF:src\api\whatsapp\document\whatsappDocMessage.ts
FN:64,(anonymous_0)
FN:72,(anonymous_1)
FN:74,(anonymous_2)
FN:75,(anonymous_3)
FN:77,(anonymous_4)
FN:78,(anonymous_5)
FN:86,(anonymous_6)
FN:87,(anonymous_7)
FN:95,(anonymous_8)
FN:96,(anonymous_9)
FN:100,(anonymous_10)
FN:101,(anonymous_11)
FN:109,(anonymous_12)
FN:110,(anonymous_13)
FN:114,(anonymous_14)
FN:115,(anonymous_15)
FN:123,(anonymous_16)
FN:124,(anonymous_17)
FN:126,(anonymous_18)
FN:127,(anonymous_19)
FN:129,(anonymous_20)
FN:131,(anonymous_21)
FN:140,(anonymous_22)
FN:154,(anonymous_23)
FNF:24
FNH:24
FNDA:5,(anonymous_0)
FNDA:2,(anonymous_1)
FNDA:2,(anonymous_2)
FNDA:1,(anonymous_3)
FNDA:2,(anonymous_4)
FNDA:7,(anonymous_5)
FNDA:2,(anonymous_6)
FNDA:7,(anonymous_7)
FNDA:2,(anonymous_8)
FNDA:5,(anonymous_9)
FNDA:2,(anonymous_10)
FNDA:7,(anonymous_11)
FNDA:2,(anonymous_12)
FNDA:1,(anonymous_13)
FNDA:2,(anonymous_14)
FNDA:3,(anonymous_15)
FNDA:2,(anonymous_16)
FNDA:2,(anonymous_17)
FNDA:2,(anonymous_18)
FNDA:1,(anonymous_19)
FNDA:2,(anonymous_20)
FNDA:2,(anonymous_21)
FNDA:3,(anonymous_22)
FNDA:1,(anonymous_23)
DA:1,1
DA:2,1
DA:6,1
DA:12,1
DA:16,5
DA:20,5
DA:24,5
DA:28,5
DA:32,5
DA:57,5
DA:62,5
DA:65,5
DA:66,5
DA:67,5
DA:68,5
DA:69,5
DA:72,2
DA:74,2
DA:75,1
DA:77,2
DA:79,7
DA:80,1
DA:83,6
DA:86,2
DA:88,7
DA:89,1
DA:92,6
DA:95,2
DA:97,5
DA:100,2
DA:102,7
DA:103,1
DA:106,6
DA:109,2
DA:111,1
DA:114,2
DA:116,3
DA:117,1
DA:120,2
DA:123,2
DA:124,2
DA:126,2
DA:127,1
DA:129,2
DA:131,2
DA:141,3
DA:142,1
DA:145,2
DA:155,1
DA:169,1
DA:170,11
DA:172,3
DA:176,1
LF:53
LH:53
BRDA:79,0,0,1
BRDA:79,0,1,6
BRDA:79,1,0,7
BRDA:79,1,1,7
BRDA:88,2,0,1
BRDA:88,2,1,6
BRDA:102,3,0,1
BRDA:102,3,1,6
BRDA:116,4,0,1
BRDA:116,4,1,2
BRDA:116,5,0,3
BRDA:116,5,1,3
BRDA:141,6,0,1
BRDA:141,6,1,2
BRDA:170,7,0,3
BRDA:170,7,1,8
BRF:16
BRH:16
end_of_record
TN:
SF:src\api\whatsapp\image\whatsappImageMessage.ts
FN:59,(anonymous_0)
FN:67,(anonymous_1)
FN:69,(anonymous_2)
FN:70,(anonymous_3)
FN:78,(anonymous_4)
FN:79,(anonymous_5)
FN:87,(anonymous_6)
FN:88,(anonymous_7)
FN:92,(anonymous_8)
FN:93,(anonymous_9)
FN:101,(anonymous_10)
FN:102,(anonymous_11)
FN:106,(anonymous_12)
FN:107,(anonymous_13)
FN:115,(anonymous_14)
FN:116,(anonymous_15)
FN:118,(anonymous_16)
FN:119,(anonymous_17)
FN:121,(anonymous_18)
FN:123,(anonymous_19)
FN:132,(anonymous_20)
FN:146,(anonymous_21)
FNF:22
FNH:22
FNDA:5,(anonymous_0)
FNDA:2,(anonymous_1)
FNDA:2,(anonymous_2)
FNDA:7,(anonymous_3)
FNDA:2,(anonymous_4)
FNDA:7,(anonymous_5)
FNDA:2,(anonymous_6)
FNDA:5,(anonymous_7)
FNDA:2,(anonymous_8)
FNDA:7,(anonymous_9)
FNDA:2,(anonymous_10)
FNDA:1,(anonymous_11)
FNDA:2,(anonymous_12)
FNDA:3,(anonymous_13)
FNDA:2,(anonymous_14)
FNDA:2,(anonymous_15)
FNDA:2,(anonymous_16)
FNDA:1,(anonymous_17)
FNDA:2,(anonymous_18)
FNDA:2,(anonymous_19)
FNDA:3,(anonymous_20)
FNDA:1,(anonymous_21)
DA:1,1
DA:2,1
DA:6,1
DA:12,1
DA:16,5
DA:20,5
DA:24,5
DA:28,5
DA:32,5
DA:52,5
DA:57,5
DA:60,5
DA:61,5
DA:62,5
DA:63,5
DA:64,5
DA:67,2
DA:69,2
DA:71,7
DA:72,1
DA:75,6
DA:78,2
DA:80,7
DA:81,1
DA:84,6
DA:87,2
DA:89,5
DA:92,2
DA:94,7
DA:95,1
DA:98,6
DA:101,2
DA:103,1
DA:106,2
DA:108,3
DA:109,1
DA:112,2
DA:115,2
DA:116,2
DA:118,2
DA:119,1
DA:121,2
DA:123,2
DA:133,3
DA:134,1
DA:137,2
DA:147,1
DA:160,1
DA:161,10
DA:163,2
DA:167,1
LF:51
LH:51
BRDA:71,0,0,1
BRDA:71,0,1,6
BRDA:71,1,0,7
BRDA:71,1,1,7
BRDA:80,2,0,1
BRDA:80,2,1,6
BRDA:94,3,0,1
BRDA:94,3,1,6
BRDA:108,4,0,1
BRDA:108,4,1,2
BRDA:108,5,0,3
BRDA:108,5,1,3
BRDA:133,6,0,1
BRDA:133,6,1,2
BRDA:161,7,0,2
BRDA:161,7,1,8
BRF:16
BRH:16
end_of_record
TN:
SF:src\api\whatsapp\location\whatsappLocMessage.ts
FN:65,(anonymous_0)
FN:73,(anonymous_1)
FN:75,(anonymous_2)
FN:76,(anonymous_3)
FN:84,(anonymous_4)
FN:85,(anonymous_5)
FN:93,(anonymous_6)
FN:94,(anonymous_7)
FN:98,(anonymous_8)
FN:99,(anonymous_9)
FN:107,(anonymous_10)
FN:108,(anonymous_11)
FN:110,(anonymous_12)
FN:111,(anonymous_13)
FN:113,(anonymous_14)
FN:114,(anonymous_15)
FN:122,(anonymous_16)
FN:123,(anonymous_17)
FN:125,(anonymous_18)
FN:126,(anonymous_19)
FN:128,(anonymous_20)
FN:130,(anonymous_21)
FN:139,(anonymous_22)
FN:153,(anonymous_23)
FNF:24
FNH:24
FNDA:5,(anonymous_0)
FNDA:2,(anonymous_1)
FNDA:2,(anonymous_2)
FNDA:7,(anonymous_3)
FNDA:2,(anonymous_4)
FNDA:7,(anonymous_5)
FNDA:2,(anonymous_6)
FNDA:5,(anonymous_7)
FNDA:2,(anonymous_8)
FNDA:7,(anonymous_9)
FNDA:2,(anonymous_10)
FNDA:1,(anonymous_11)
FNDA:2,(anonymous_12)
FNDA:1,(anonymous_13)
FNDA:2,(anonymous_14)
FNDA:3,(anonymous_15)
FNDA:2,(anonymous_16)
FNDA:2,(anonymous_17)
FNDA:2,(anonymous_18)
FNDA:1,(anonymous_19)
FNDA:2,(anonymous_20)
FNDA:2,(anonymous_21)
FNDA:3,(anonymous_22)
FNDA:1,(anonymous_23)
DA:1,1
DA:2,1
DA:7,1
DA:13,1
DA:17,5
DA:29,5
DA:33,5
DA:58,5
DA:63,5
DA:66,5
DA:67,5
DA:68,5
DA:69,5
DA:70,5
DA:73,2
DA:75,2
DA:77,7
DA:78,1
DA:81,6
DA:84,2
DA:86,7
DA:87,1
DA:90,6
DA:93,2
DA:95,5
DA:98,2
DA:100,7
DA:101,1
DA:104,6
DA:107,2
DA:108,1
DA:110,2
DA:111,1
DA:113,2
DA:115,3
DA:116,1
DA:119,2
DA:122,2
DA:123,2
DA:125,2
DA:126,1
DA:128,2
DA:130,2
DA:140,3
DA:141,1
DA:144,2
DA:154,1
DA:168,1
DA:169,11
DA:171,3
DA:175,1
LF:51
LH:51
BRDA:77,0,0,1
BRDA:77,0,1,6
BRDA:77,1,0,7
BRDA:77,1,1,6
BRDA:86,2,0,1
BRDA:86,2,1,6
BRDA:86,3,0,7
BRDA:86,3,1,6
BRDA:100,4,0,1
BRDA:100,4,1,6
BRDA:115,5,0,1
BRDA:115,5,1,2
BRDA:115,6,0,3
BRDA:115,6,1,3
BRDA:140,7,0,1
BRDA:140,7,1,2
BRDA:169,8,0,3
BRDA:169,8,1,8
BRF:18
BRH:18
end_of_record
TN:
SF:src\api\whatsapp\sticker\whatsappStickerMessage.ts
FN:56,(anonymous_0)
FN:64,(anonymous_1)
FN:66,(anonymous_2)
FN:67,(anonymous_3)
FN:75,(anonymous_4)
FN:76,(anonymous_5)
FN:84,(anonymous_6)
FN:85,(anonymous_7)
FN:89,(anonymous_8)
FN:90,(anonymous_9)
FN:98,(anonymous_10)
FN:99,(anonymous_11)
FN:107,(anonymous_12)
FN:108,(anonymous_13)
FN:110,(anonymous_14)
FN:111,(anonymous_15)
FN:113,(anonymous_16)
FN:115,(anonymous_17)
FN:124,(anonymous_18)
FN:138,(anonymous_19)
FNF:20
FNH:20
FNDA:5,(anonymous_0)
FNDA:2,(anonymous_1)
FNDA:2,(anonymous_2)
FNDA:7,(anonymous_3)
FNDA:2,(anonymous_4)
FNDA:7,(anonymous_5)
FNDA:2,(anonymous_6)
FNDA:5,(anonymous_7)
FNDA:2,(anonymous_8)
FNDA:7,(anonymous_9)
FNDA:2,(anonymous_10)
FNDA:3,(anonymous_11)
FNDA:2,(anonymous_12)
FNDA:2,(anonymous_13)
FNDA:2,(anonymous_14)
FNDA:1,(anonymous_15)
FNDA:2,(anonymous_16)
FNDA:2,(anonymous_17)
FNDA:3,(anonymous_18)
FNDA:1,(anonymous_19)
DA:1,1
DA:2,1
DA:6,1
DA:12,1
DA:16,5
DA:20,5
DA:24,5
DA:28,5
DA:32,5
DA:49,5
DA:54,5
DA:57,5
DA:58,5
DA:59,5
DA:60,5
DA:61,5
DA:64,2
DA:66,2
DA:68,7
DA:69,1
DA:72,6
DA:75,2
DA:77,7
DA:78,1
DA:81,6
DA:84,2
DA:86,5
DA:89,2
DA:91,7
DA:92,1
DA:95,6
DA:98,2
DA:100,3
DA:101,1
DA:104,2
DA:107,2
DA:108,2
DA:110,2
DA:111,1
DA:113,2
DA:115,2
DA:125,3
DA:126,1
DA:129,2
DA:139,1
DA:151,1
DA:152,9
DA:154,1
DA:158,1
LF:49
LH:49
BRDA:68,0,0,1
BRDA:68,0,1,6
BRDA:68,1,0,7
BRDA:68,1,1,7
BRDA:77,2,0,1
BRDA:77,2,1,6
BRDA:91,3,0,1
BRDA:91,3,1,6
BRDA:100,4,0,1
BRDA:100,4,1,2
BRDA:100,5,0,3
BRDA:100,5,1,3
BRDA:125,6,0,1
BRDA:125,6,1,2
BRDA:152,7,0,1
BRDA:152,7,1,8
BRF:16
BRH:16
end_of_record
TN:
SF:src\api\whatsapp\template\whatsappTemplateMessage.ts
FN:51,(anonymous_0)
FN:58,(anonymous_1)
FN:59,(anonymous_2)
FN:63,(anonymous_3)
FN:64,(anonymous_4)
FN:72,(anonymous_5)
FN:73,(anonymous_6)
FN:81,(anonymous_7)
FN:82,(anonymous_8)
FN:84,(anonymous_9)
FN:85,(anonymous_10)
FN:87,(anonymous_11)
FN:89,(anonymous_12)
FN:91,(anonymous_13)
FN:92,(anonymous_14)
FN:96,(anonymous_15)
FN:105,(anonymous_16)
FN:119,(anonymous_17)
FNF:18
FNH:18
FNDA:5,(anonymous_0)
FNDA:2,(anonymous_1)
FNDA:5,(anonymous_2)
FNDA:2,(anonymous_3)
FNDA:7,(anonymous_4)
FNDA:2,(anonymous_5)
FNDA:3,(anonymous_6)
FNDA:2,(anonymous_7)
FNDA:2,(anonymous_8)
FNDA:2,(anonymous_9)
FNDA:1,(anonymous_10)
FNDA:2,(anonymous_11)
FNDA:2,(anonymous_12)
FNDA:2,(anonymous_13)
FNDA:5,(anonymous_14)
FNDA:2,(anonymous_15)
FNDA:3,(anonymous_16)
FNDA:1,(anonymous_17)
DA:1,1
DA:2,1
DA:6,1
DA:12,1
DA:16,5
DA:20,5
DA:36,5
DA:40,5
DA:49,5
DA:52,5
DA:53,5
DA:54,5
DA:55,5
DA:58,2
DA:60,5
DA:63,2
DA:65,7
DA:66,1
DA:69,6
DA:72,2
DA:74,3
DA:75,1
DA:78,2
DA:81,2
DA:82,2
DA:84,2
DA:85,1
DA:87,2
DA:89,2
DA:91,2
DA:93,5
DA:96,2
DA:106,3
DA:107,1
DA:110,2
DA:120,1
DA:131,1
DA:132,8
DA:134,1
DA:138,1
LF:40
LH:40
BRDA:65,0,0,1
BRDA:65,0,1,6
BRDA:74,1,0,1
BRDA:74,1,1,2
BRDA:74,2,0,3
BRDA:74,2,1,3
BRDA:106,3,0,1
BRDA:106,3,1,2
BRDA:132,4,0,1
BRDA:132,4,1,7
BRF:10
BRH:10
end_of_record
TN:
SF:src\api\whatsapp\text\whatsappTextMessage.ts
FN:57,(anonymous_0)
FN:64,(anonymous_1)
FN:66,(anonymous_2)
FN:67,(anonymous_3)
FN:71,(anonymous_4)
FN:72,(anonymous_5)
FN:80,(anonymous_6)
FN:81,(anonymous_7)
FN:85,(anonymous_8)
FN:86,(anonymous_9)
FN:94,(anonymous_10)
FN:95,(anonymous_11)
FN:103,(anonymous_12)
FN:104,(anonymous_13)
FN:106,(anonymous_14)
FN:107,(anonymous_15)
FN:109,(anonymous_16)
FN:111,(anonymous_17)
FN:120,(anonymous_18)
FN:134,(anonymous_19)
FNF:20
FNH:20
FNDA:9,(anonymous_0)
FNDA:7,(anonymous_1)
FNDA:7,(anonymous_2)
FNDA:10,(anonymous_3)
FNDA:6,(anonymous_4)
FNDA:2,(anonymous_5)
FNDA:19,(anonymous_6)
FNDA:9,(anonymous_7)
FNDA:17,(anonymous_8)
FNDA:11,(anonymous_9)
FNDA:7,(anonymous_10)
FNDA:3,(anonymous_11)
FNDA:7,(anonymous_12)
FNDA:2,(anonymous_13)
FNDA:7,(anonymous_14)
FNDA:1,(anonymous_15)
FNDA:7,(anonymous_16)
FNDA:21,(anonymous_17)
FNDA:3,(anonymous_18)
FNDA:6,(anonymous_19)
DA:1,1
DA:2,1
DA:7,1
DA:13,1
DA:17,9
DA:21,9
DA:26,9
DA:30,9
DA:34,9
DA:50,9
DA:55,9
DA:58,9
DA:59,9
DA:60,9
DA:61,9
DA:64,7
DA:66,7
DA:68,10
DA:71,6
DA:73,2
DA:74,1
DA:77,1
DA:80,19
DA:82,9
DA:85,17
DA:87,11
DA:88,1
DA:91,10
DA:94,7
DA:96,3
DA:97,1
DA:100,2
DA:103,7
DA:104,2
DA:106,7
DA:107,1
DA:109,7
DA:111,21
DA:121,3
DA:122,1
DA:125,2
DA:135,6
DA:147,6
DA:148,54
DA:150,16
DA:154,6
LF:46
LH:46
BRDA:73,0,0,1
BRDA:73,0,1,1
BRDA:73,1,0,2
BRDA:73,1,1,2
BRDA:87,2,0,1
BRDA:87,2,1,10
BRDA:96,3,0,1
BRDA:96,3,1,2
BRDA:96,4,0,3
BRDA:96,4,1,3
BRDA:121,5,0,1
BRDA:121,5,1,2
BRDA:148,6,0,16
BRDA:148,6,1,38
BRF:14
BRH:14
end_of_record
TN:
SF:src\api\whatsapp\video\whatsappVideoMessage.ts
FN:60,(anonymous_0)
FN:68,(anonymous_1)
FN:70,(anonymous_2)
FN:71,(anonymous_3)
FN:79,(anonymous_4)
FN:80,(anonymous_5)
FN:88,(anonymous_6)
FN:89,(anonymous_7)
FN:93,(anonymous_8)
FN:94,(anonymous_9)
FN:102,(anonymous_10)
FN:103,(anonymous_11)
FN:107,(anonymous_12)
FN:108,(anonymous_13)
FN:116,(anonymous_14)
FN:117,(anonymous_15)
FN:119,(anonymous_16)
FN:120,(anonymous_17)
FN:122,(anonymous_18)
FN:124,(anonymous_19)
FN:133,(anonymous_20)
FN:147,(anonymous_21)
FNF:22
FNH:22
FNDA:5,(anonymous_0)
FNDA:2,(anonymous_1)
FNDA:2,(anonymous_2)
FNDA:7,(anonymous_3)
FNDA:2,(anonymous_4)
FNDA:7,(anonymous_5)
FNDA:2,(anonymous_6)
FNDA:5,(anonymous_7)
FNDA:2,(anonymous_8)
FNDA:7,(anonymous_9)
FNDA:2,(anonymous_10)
FNDA:1,(anonymous_11)
FNDA:2,(anonymous_12)
FNDA:3,(anonymous_13)
FNDA:2,(anonymous_14)
FNDA:2,(anonymous_15)
FNDA:2,(anonymous_16)
FNDA:1,(anonymous_17)
FNDA:2,(anonymous_18)
FNDA:2,(anonymous_19)
FNDA:3,(anonymous_20)
FNDA:1,(anonymous_21)
DA:1,1
DA:2,1
DA:6,1
DA:12,1
DA:16,5
DA:20,5
DA:24,5
DA:28,5
DA:32,5
DA:53,5
DA:58,5
DA:61,5
DA:62,5
DA:63,5
DA:64,5
DA:65,5
DA:68,2
DA:70,2
DA:72,7
DA:73,1
DA:76,6
DA:79,2
DA:81,7
DA:82,1
DA:85,6
DA:88,2
DA:90,5
DA:93,2
DA:95,7
DA:96,1
DA:99,6
DA:102,2
DA:104,1
DA:107,2
DA:109,3
DA:110,1
DA:113,2
DA:116,2
DA:117,2
DA:119,2
DA:120,1
DA:122,2
DA:124,2
DA:134,3
DA:135,1
DA:138,2
DA:148,1
DA:161,1
DA:162,10
DA:164,2
DA:168,1
LF:51
LH:51
BRDA:72,0,0,1
BRDA:72,0,1,6
BRDA:72,1,0,7
BRDA:72,1,1,7
BRDA:81,2,0,1
BRDA:81,2,1,6
BRDA:95,3,0,1
BRDA:95,3,1,6
BRDA:109,4,0,1
BRDA:109,4,1,2
BRDA:109,5,0,3
BRDA:109,5,1,3
BRDA:134,6,0,1
BRDA:134,6,1,2
BRDA:162,7,0,2
BRDA:162,7,1,8
BRF:16
BRH:16
end_of_record
TN:
SF:src\config\constants.ts
FNF:0
FNH:0
DA:1,1
DA:2,1
DA:3,1
DA:4,1
LF:4
LH:4
BRF:0
BRH:0
end_of_record
TN:
SF:src\helpers\identifiers.ts
FN:7,uuidv4
FN:8,(anonymous_1)
FNF:2
FNH:2
FNDA:91,uuidv4
FNDA:2821,(anonymous_1)
DA:7,1
DA:8,91
DA:9,2821
DA:10,2821
LF:4
LH:4
BRDA:9,0,0,2730
BRDA:9,0,1,91
BRF:2
BRH:2
end_of_record
TN:
SF:src\helpers\tools.ts
FN:7,byteArrToHex
FN:8,(anonymous_1)
FN:19,typeToArr
FN:36,concatTypes
FNF:4
FNH:4
FNDA:3,byteArrToHex
FNDA:23,(anonymous_1)
FNDA:25,typeToArr
FNDA:25,concatTypes
DA:7,1
DA:8,3
DA:9,23
DA:19,1
DA:20,25
DA:22,25
DA:24,59
DA:27,25
DA:36,1
DA:37,25
DA:39,25
DA:41,59
DA:43,59
DA:44,34
DA:48,25
LF:15
LH:15
BRDA:43,0,0,34
BRDA:43,0,1,25
BRF:2
BRH:2
end_of_record
TN:
SF:src\helpers\validators.ts
FN:7,isValidHttpUrl
FN:25,isValidEmail
FN:37,isValidISO8601
FN:49,isValidE164
FN:61,isNumeric
FN:74,isFloat
FN:84,isBoolean
FN:94,hasUnicode
FNF:8
FNH:8
FNDA:89,isValidHttpUrl
FNDA:4,isValidEmail
FNDA:7,isValidISO8601
FNDA:121,isValidE164
FNDA:36,isNumeric
FNDA:19,isFloat
FNDA:16,isBoolean
FNDA:6,hasUnicode
DA:7,1
DA:10,89
DA:11,89
DA:13,2
DA:16,87
DA:25,1
DA:26,4
DA:28,4
DA:37,1
DA:38,7
DA:40,7
DA:49,1
DA:50,121
DA:52,121
DA:61,1
DA:62,36
DA:64,36
DA:74,1
DA:75,19
DA:84,1
DA:85,16
DA:94,1
DA:95,6
DA:97,6
LF:24
LH:24
BRDA:16,0,0,87
BRDA:16,0,1,18
BRDA:16,0,2,80
BRDA:62,1,0,27
BRDA:62,1,1,9
BRDA:64,2,0,36
BRDA:64,2,1,28
BRDA:75,3,0,19
BRDA:75,3,1,16
BRF:9
BRH:9
end_of_record
TN:
SF:src\request\index.ts
FN:12,request
FNF:1
FNH:1
FNDA:72,request
DA:1,1
DA:2,1
DA:12,1
DA:13,72
DA:14,72
DA:16,72
DA:18,72
LF:7
LH:7
BRDA:16,0,0,72
BRDA:16,0,1,2
BRF:2
BRH:2
end_of_record
TN:
SF:src\request\request.ts
FN:11,_request
FN:29,(anonymous_1)
FN:31,(anonymous_2)
FN:34,(anonymous_3)
FN:38,(anonymous_4)
FN:47,(anonymous_5)
FN:52,(anonymous_6)
FNF:7
FNH:7
FNDA:72,_request
FNDA:72,(anonymous_1)
FNDA:71,(anonymous_2)
FNDA:68,(anonymous_3)
FNDA:71,(anonymous_4)
FNDA:71,(anonymous_5)
FNDA:1,(anonymous_6)
DA:1,1
DA:11,1
DA:12,72
DA:20,72
DA:27,72
DA:29,72
DA:31,72
DA:32,71
DA:34,71
DA:35,68
DA:38,71
DA:40,71
DA:41,71
DA:43,71
DA:47,72
DA:49,71
DA:52,72
DA:53,1
DA:54,1
DA:57,72
DA:58,35
DA:61,72
LF:22
LH:22
BRDA:27,0,0,72
BRDA:27,0,1,37
BRDA:57,1,0,35
BRDA:57,1,1,37
BRF:4
BRH:4
end_of_record
